<?xml version="1.0" encoding="UTF-8"?>
<coverage generated="1596549674">
  <project timestamp="1596549674">
    <package name="NotifyQueueConsumer\Command\Handler">
      <file name="/var/www/src/NotifyQueueConsumer/Command/Handler/SendToNotifyHandler.php">
        <class name="NotifyQueueConsumer\Command\Handler\SendToNotifyHandler" namespace="NotifyQueueConsumer\Command\Handler">
          <metrics complexity="9" methods="4" coveredmethods="4" conditionals="0" coveredconditionals="0" statements="28" coveredstatements="28" elements="32" coveredelements="32"/>
        </class>
        <line num="20" type="method" name="__construct" visibility="public" complexity="1" crap="1" count="5"/>
        <line num="22" type="stmt" count="5"/>
        <line num="23" type="stmt" count="5"/>
        <line num="24" type="stmt" count="5"/>
        <line num="31" type="method" name="handle" visibility="public" complexity="3" crap="3" count="5"/>
        <line num="35" type="stmt" count="5"/>
        <line num="36" type="stmt" count="1"/>
        <line num="40" type="stmt" count="4"/>
        <line num="41" type="stmt" count="4"/>
        <line num="43" type="stmt" count="4"/>
        <line num="44" type="stmt" count="1"/>
        <line num="48" type="stmt" count="1"/>
        <line num="49" type="stmt" count="3"/>
        <line num="51" type="stmt" count="1"/>
        <line num="52" type="stmt" count="1"/>
        <line num="53" type="stmt" count="1"/>
        <line num="54" type="stmt" count="1"/>
        <line num="63" type="method" name="sendToNotify" visibility="private" complexity="3" crap="3" count="3"/>
        <line num="65" type="stmt" count="3"/>
        <line num="67" type="stmt" count="3"/>
        <line num="68" type="stmt" count="1"/>
        <line num="71" type="stmt" count="2"/>
        <line num="73" type="stmt" count="2"/>
        <line num="74" type="stmt" count="1"/>
        <line num="75" type="stmt" count="1"/>
        <line num="80" type="stmt" count="1"/>
        <line num="81" type="stmt" count="1"/>
        <line num="89" type="method" name="isDuplicate" visibility="private" complexity="2" crap="2" count="5"/>
        <line num="91" type="stmt" count="5"/>
        <line num="94" type="stmt" count="5"/>
        <line num="95" type="stmt" count="1"/>
        <line num="98" type="stmt" count="4"/>
        <metrics loc="100" ncloc="84" classes="1" methods="4" coveredmethods="4" conditionals="0" coveredconditionals="0" statements="28" coveredstatements="28" elements="32" coveredelements="32"/>
      </file>
      <file name="/var/www/src/NotifyQueueConsumer/Command/Handler/UpdateDocumentStatusHandler.php">
        <class name="NotifyQueueConsumer\Command\Handler\UpdateDocumentStatusHandler" namespace="NotifyQueueConsumer\Command\Handler">
          <metrics complexity="3" methods="2" coveredmethods="2" conditionals="0" coveredconditionals="0" statements="14" coveredstatements="14" elements="16" coveredelements="16"/>
        </class>
        <line num="19" type="method" name="__construct" visibility="public" complexity="1" crap="1" count="2"/>
        <line num="24" type="stmt" count="2"/>
        <line num="25" type="stmt" count="2"/>
        <line num="26" type="stmt" count="2"/>
        <line num="27" type="stmt" count="2"/>
        <line num="33" type="method" name="handle" visibility="public" complexity="2" crap="2" count="2"/>
        <line num="36" type="stmt" count="2"/>
        <line num="37" type="stmt" count="2"/>
        <line num="38" type="stmt" count="2"/>
        <line num="41" type="stmt" count="2"/>
        <line num="42" type="stmt" count="2"/>
        <line num="43" type="stmt" count="2"/>
        <line num="46" type="stmt" count="2"/>
        <line num="47" type="stmt" count="1"/>
        <line num="48" type="stmt" count="1"/>
        <line num="51" type="stmt" count="1"/>
        <metrics loc="52" ncloc="49" classes="1" methods="2" coveredmethods="2" conditionals="0" coveredconditionals="0" statements="14" coveredstatements="14" elements="16" coveredelements="16"/>
      </file>
    </package>
    <package name="NotifyQueueConsumer\Command\Model">
      <file name="/var/www/src/NotifyQueueConsumer/Command/Model/AggregateValidationException.php">
        <class name="NotifyQueueConsumer\Command\Model\AggregateValidationException" namespace="NotifyQueueConsumer\Command\Model">
          <metrics complexity="8" methods="6" coveredmethods="6" conditionals="0" coveredconditionals="0" statements="15" coveredstatements="15" elements="21" coveredelements="21"/>
        </class>
        <line num="18" type="method" name="__construct" visibility="private" complexity="1" crap="1" count="31"/>
        <line num="20" type="stmt" count="31"/>
        <line num="21" type="stmt" count="31"/>
        <line num="23" type="method" name="getInstance" visibility="public" complexity="2" crap="2" count="32"/>
        <line num="25" type="stmt" count="32"/>
        <line num="26" type="stmt" count="31"/>
        <line num="29" type="stmt" count="32"/>
        <line num="32" type="method" name="addError" visibility="public" complexity="1" crap="1" count="13"/>
        <line num="34" type="stmt" count="13"/>
        <line num="36" type="stmt" count="13"/>
        <line num="37" type="stmt" count="13"/>
        <line num="38" type="stmt" count="13"/>
        <line num="40" type="method" name="hasError" visibility="public" complexity="1" crap="1" count="30"/>
        <line num="42" type="stmt" count="30"/>
        <line num="45" type="method" name="clearInstance" visibility="public" complexity="1" crap="1" count="31"/>
        <line num="47" type="stmt" count="31"/>
        <line num="48" type="stmt" count="31"/>
        <line num="50" type="method" name="checkAndThrow" visibility="public" complexity="2" crap="2" count="28"/>
        <line num="52" type="stmt" count="28"/>
        <line num="53" type="stmt" count="12"/>
        <line num="55" type="stmt" count="16"/>
        <metrics loc="56" ncloc="54" classes="1" methods="6" coveredmethods="6" conditionals="0" coveredconditionals="0" statements="15" coveredstatements="15" elements="21" coveredelements="21"/>
      </file>
      <file name="/var/www/src/NotifyQueueConsumer/Command/Model/SendToNotify.php">
        <class name="NotifyQueueConsumer\Command\Model\SendToNotify" namespace="NotifyQueueConsumer\Command\Model">
          <metrics complexity="11" methods="6" coveredmethods="6" conditionals="0" coveredconditionals="0" statements="21" coveredstatements="21" elements="27" coveredelements="27"/>
        </class>
        <line num="14" type="method" name="__construct" visibility="private" complexity="1" crap="1" count="12"/>
        <line num="16" type="stmt" count="12"/>
        <line num="22" type="method" name="fromArray" visibility="public" complexity="6" crap="6" count="18"/>
        <line num="24" type="stmt" count="18"/>
        <line num="26" type="stmt" count="18"/>
        <line num="27" type="stmt" count="2"/>
        <line num="30" type="stmt" count="18"/>
        <line num="31" type="stmt" count="2"/>
        <line num="34" type="stmt" count="18"/>
        <line num="35" type="stmt" count="2"/>
        <line num="38" type="stmt" count="18"/>
        <line num="39" type="stmt" count="3"/>
        <line num="42" type="stmt" count="18"/>
        <line num="44" type="stmt" count="12"/>
        <line num="45" type="stmt" count="12"/>
        <line num="46" type="stmt" count="12"/>
        <line num="47" type="stmt" count="12"/>
        <line num="48" type="stmt" count="12"/>
        <line num="50" type="stmt" count="12"/>
        <line num="53" type="method" name="getId" visibility="public" complexity="1" crap="1" count="7"/>
        <line num="55" type="stmt" count="7"/>
        <line num="58" type="method" name="getUuid" visibility="public" complexity="1" crap="1" count="11"/>
        <line num="60" type="stmt" count="11"/>
        <line num="63" type="method" name="getFilename" visibility="public" complexity="1" crap="1" count="6"/>
        <line num="65" type="stmt" count="6"/>
        <line num="68" type="method" name="getDocumentId" visibility="public" complexity="1" crap="1" count="2"/>
        <line num="70" type="stmt" count="2"/>
        <metrics loc="72" ncloc="69" classes="1" methods="6" coveredmethods="6" conditionals="0" coveredconditionals="0" statements="21" coveredstatements="21" elements="27" coveredelements="27"/>
      </file>
      <file name="/var/www/src/NotifyQueueConsumer/Command/Model/UpdateDocumentStatus.php">
        <class name="NotifyQueueConsumer\Command\Model\UpdateDocumentStatus" namespace="NotifyQueueConsumer\Command\Model">
          <metrics complexity="9" methods="5" coveredmethods="5" conditionals="0" coveredconditionals="0" statements="17" coveredstatements="17" elements="22" coveredelements="22"/>
        </class>
        <line num="13" type="method" name="__construct" visibility="private" complexity="1" crap="1" count="5"/>
        <line num="15" type="stmt" count="5"/>
        <line num="21" type="method" name="fromArray" visibility="public" complexity="5" crap="5" count="10"/>
        <line num="23" type="stmt" count="10"/>
        <line num="25" type="stmt" count="10"/>
        <line num="26" type="stmt" count="3"/>
        <line num="29" type="stmt" count="10"/>
        <line num="30" type="stmt" count="2"/>
        <line num="33" type="stmt" count="10"/>
        <line num="34" type="stmt" count="2"/>
        <line num="37" type="stmt" count="10"/>
        <line num="39" type="stmt" count="5"/>
        <line num="41" type="stmt" count="5"/>
        <line num="42" type="stmt" count="5"/>
        <line num="43" type="stmt" count="5"/>
        <line num="45" type="stmt" count="5"/>
        <line num="48" type="method" name="getDocumentId" visibility="public" complexity="1" crap="1" count="4"/>
        <line num="50" type="stmt" count="4"/>
        <line num="53" type="method" name="getNotifyId" visibility="public" complexity="1" crap="1" count="4"/>
        <line num="55" type="stmt" count="4"/>
        <line num="58" type="method" name="getNotifyStatus" visibility="public" complexity="1" crap="1" count="4"/>
        <line num="60" type="stmt" count="4"/>
        <metrics loc="62" ncloc="59" classes="1" methods="5" coveredmethods="5" conditionals="0" coveredconditionals="0" statements="17" coveredstatements="17" elements="22" coveredelements="22"/>
      </file>
    </package>
    <package name="NotifyQueueConsumer\Logging">
      <file name="/var/www/src/NotifyQueueConsumer/Logging/Context.php">
        <class name="NotifyQueueConsumer\Logging\Context" namespace="NotifyQueueConsumer\Logging">
          <metrics complexity="0" methods="0" coveredmethods="0" conditionals="0" coveredconditionals="0" statements="0" coveredstatements="0" elements="0" coveredelements="0"/>
        </class>
        <metrics loc="10" ncloc="10" classes="0" methods="0" coveredmethods="0" conditionals="0" coveredconditionals="0" statements="0" coveredstatements="0" elements="0" coveredelements="0"/>
      </file>
    </package>
    <package name="NotifyQueueConsumer\Mapper">
      <file name="/var/www/src/NotifyQueueConsumer/Mapper/NotifyStatus.php">
        <class name="NotifyQueueConsumer\Mapper\NotifyStatus" namespace="NotifyQueueConsumer\Mapper">
          <metrics complexity="2" methods="1" coveredmethods="1" conditionals="0" coveredconditionals="0" statements="3" coveredstatements="3" elements="4" coveredelements="4"/>
        </class>
        <line num="25" type="method" name="toSirius" visibility="public" complexity="2" crap="2" count="7"/>
        <line num="32" type="stmt" count="7"/>
        <line num="33" type="stmt" count="1"/>
        <line num="36" type="stmt" count="6"/>
        <metrics loc="38" ncloc="33" classes="1" methods="1" coveredmethods="1" conditionals="0" coveredconditionals="0" statements="3" coveredstatements="3" elements="4" coveredelements="4"/>
      </file>
    </package>
    <package name="NotifyQueueConsumer\Queue">
      <file name="/var/www/src/NotifyQueueConsumer/Queue/Consumer.php">
        <class name="NotifyQueueConsumer\Queue\Consumer" namespace="NotifyQueueConsumer\Queue">
          <metrics complexity="5" methods="2" coveredmethods="1" conditionals="0" coveredconditionals="0" statements="27" coveredstatements="25" elements="29" coveredelements="26"/>
        </class>
        <line num="21" type="method" name="__construct" visibility="public" complexity="1" crap="1" count="5"/>
        <line num="27" type="stmt" count="5"/>
        <line num="28" type="stmt" count="5"/>
        <line num="29" type="stmt" count="5"/>
        <line num="30" type="stmt" count="5"/>
        <line num="31" type="stmt" count="5"/>
        <line num="36" type="method" name="run" visibility="public" complexity="4" crap="4.01" count="5"/>
        <line num="38" type="stmt" count="5"/>
        <line num="39" type="stmt" count="5"/>
        <line num="40" type="stmt" count="5"/>
        <line num="43" type="stmt" count="5"/>
        <line num="45" type="stmt" count="4"/>
        <line num="46" type="stmt" count="0"/>
        <line num="48" type="stmt" count="0"/>
        <line num="51" type="stmt" count="4"/>
        <line num="53" type="stmt" count="4"/>
        <line num="55" type="stmt" count="4"/>
        <line num="56" type="stmt" count="4"/>
        <line num="58" type="stmt" count="2"/>
        <line num="59" type="stmt" count="2"/>
        <line num="61" type="stmt" count="1"/>
        <line num="62" type="stmt" count="1"/>
        <line num="63" type="stmt" count="4"/>
        <line num="64" type="stmt" count="1"/>
        <line num="65" type="stmt" count="1"/>
        <line num="66" type="stmt" count="3"/>
        <line num="67" type="stmt" count="3"/>
        <line num="68" type="stmt" count="3"/>
        <line num="70" type="stmt" count="5"/>
        <metrics loc="71" ncloc="69" classes="1" methods="2" coveredmethods="1" conditionals="0" coveredconditionals="0" statements="27" coveredstatements="25" elements="29" coveredelements="26"/>
      </file>
      <file name="/var/www/src/NotifyQueueConsumer/Queue/DuplicateMessageException.php">
        <class name="NotifyQueueConsumer\Queue\DuplicateMessageException" namespace="NotifyQueueConsumer\Queue">
          <metrics complexity="0" methods="0" coveredmethods="0" conditionals="0" coveredconditionals="0" statements="0" coveredstatements="0" elements="0" coveredelements="0"/>
        </class>
        <metrics loc="12" ncloc="12" classes="0" methods="0" coveredmethods="0" conditionals="0" coveredconditionals="0" statements="0" coveredstatements="0" elements="0" coveredelements="0"/>
      </file>
      <file name="/var/www/src/NotifyQueueConsumer/Queue/SqsAdapter.php">
        <class name="NotifyQueueConsumer\Queue\SqsAdapter" namespace="NotifyQueueConsumer\Queue">
          <metrics complexity="10" methods="4" coveredmethods="4" conditionals="0" coveredconditionals="0" statements="31" coveredstatements="31" elements="35" coveredelements="35"/>
        </class>
        <line num="16" type="method" name="__construct" visibility="public" complexity="1" crap="1" count="7"/>
        <line num="18" type="stmt" count="7"/>
        <line num="19" type="stmt" count="7"/>
        <line num="20" type="stmt" count="7"/>
        <line num="22" type="method" name="next" visibility="public" complexity="3" crap="3" count="6"/>
        <line num="24" type="stmt" count="6"/>
        <line num="25" type="stmt" count="6"/>
        <line num="26" type="stmt" count="6"/>
        <line num="28" type="stmt" count="6"/>
        <line num="29" type="stmt" count="6"/>
        <line num="32" type="stmt" count="6"/>
        <line num="33" type="stmt" count="1"/>
        <line num="37" type="stmt" count="5"/>
        <line num="38" type="stmt" count="5"/>
        <line num="40" type="stmt" count="5"/>
        <line num="42" type="stmt" count="1"/>
        <line num="43" type="stmt" count="1"/>
        <line num="44" type="stmt" count="1"/>
        <line num="45" type="stmt" count="1"/>
        <line num="46" type="stmt" count="1"/>
        <line num="50" type="method" name="delete" visibility="public" complexity="1" crap="1" count="1"/>
        <line num="53" type="stmt" count="1"/>
        <line num="54" type="stmt" count="1"/>
        <line num="55" type="stmt" count="1"/>
        <line num="57" type="stmt" count="1"/>
        <line num="62" type="method" name="validateBody" visibility="private" complexity="5" crap="5" count="5"/>
        <line num="64" type="stmt" count="5"/>
        <line num="65" type="stmt" count="1"/>
        <line num="68" type="stmt" count="4"/>
        <line num="69" type="stmt" count="1"/>
        <line num="72" type="stmt" count="3"/>
        <line num="73" type="stmt" count="1"/>
        <line num="76" type="stmt" count="2"/>
        <line num="77" type="stmt" count="1"/>
        <line num="79" type="stmt" count="1"/>
        <metrics loc="80" ncloc="76" classes="1" methods="4" coveredmethods="4" conditionals="0" coveredconditionals="0" statements="31" coveredstatements="31" elements="35" coveredelements="35"/>
      </file>
    </package>
    <file name="/var/www/src/NotifyQueueConsumer/Queue/QueueInterface.php">
      <metrics loc="23" ncloc="17" classes="0" methods="0" coveredmethods="0" conditionals="0" coveredconditionals="0" statements="0" coveredstatements="0" elements="0" coveredelements="0"/>
    </file>
    <metrics files="11" loc="576" ncloc="532" classes="8" methods="30" coveredmethods="29" conditionals="0" coveredconditionals="0" statements="156" coveredstatements="154" elements="186" coveredelements="183"/>
  </project>
</coverage>
